[2015-01-16 21:59:58] production.ERROR: exception 'ErrorException' with message 'file_put_contents(/Users/Martin/dev/freedom-legion/laravel/app/config/app.php): failed to open stream: Permission denied' in /Users/Martin/dev/freedom-legion/laravel/bootstrap/compiled.php:4211
Stack trace:
#0 [internal function]: Illuminate\Exception\Handler->handleError(2, 'file_put_conten...', '/Users/Martin/d...', 4211, Array)
#1 /Users/Martin/dev/freedom-legion/laravel/bootstrap/compiled.php(4211): file_put_contents('/Users/Martin/d...', '<?php\n\nreturn a...')
#2 /Users/Martin/dev/freedom-legion/laravel/vendor/laravel/framework/src/Illuminate/Foundation/Console/KeyGenerateCommand.php(49): Illuminate\Filesystem\Filesystem->put('/Users/Martin/d...', '<?php\n\nreturn a...')
#3 /Users/Martin/dev/freedom-legion/laravel/vendor/laravel/framework/src/Illuminate/Console/Command.php(112): Illuminate\Foundation\Console\KeyGenerateCommand->fire()
#4 /Users/Martin/dev/freedom-legion/laravel/vendor/symfony/console/Symfony/Component/Console/Command/Command.php(253): Illuminate\Console\Command->execute(Object(Symfony\Component\Console\Input\ArgvInput), Object(Symfony\Component\Console\Output\ConsoleOutput))
#5 /Users/Martin/dev/freedom-legion/laravel/vendor/laravel/framework/src/Illuminate/Console/Command.php(100): Symfony\Component\Console\Command\Command->run(Object(Symfony\Component\Console\Input\ArgvInput), Object(Symfony\Component\Console\Output\ConsoleOutput))
#6 /Users/Martin/dev/freedom-legion/laravel/vendor/symfony/console/Symfony/Component/Console/Application.php(889): Illuminate\Console\Command->run(Object(Symfony\Component\Console\Input\ArgvInput), Object(Symfony\Component\Console\Output\ConsoleOutput))
#7 /Users/Martin/dev/freedom-legion/laravel/vendor/symfony/console/Symfony/Component/Console/Application.php(193): Symfony\Component\Console\Application->doRunCommand(Object(Illuminate\Foundation\Console\KeyGenerateCommand), Object(Symfony\Component\Console\Input\ArgvInput), Object(Symfony\Component\Console\Output\ConsoleOutput))
#8 /Users/Martin/dev/freedom-legion/laravel/vendor/symfony/console/Symfony/Component/Console/Application.php(124): Symfony\Component\Console\Application->doRun(Object(Symfony\Component\Console\Input\ArgvInput), Object(Symfony\Component\Console\Output\ConsoleOutput))
#9 /Users/Martin/dev/freedom-legion/laravel/artisan(59): Symfony\Component\Console\Application->run()
#10 {main} [] []
[2015-01-17 18:57:49] production.ERROR: exception 'Symfony\Component\HttpKernel\Exception\NotFoundHttpException' in /Users/Martin/dev/freedom-legion/laravel/bootstrap/compiled.php:5738
Stack trace:
#0 /Users/Martin/dev/freedom-legion/laravel/bootstrap/compiled.php(5060): Illuminate\Routing\RouteCollection->match(Object(Illuminate\Http\Request))
#1 /Users/Martin/dev/freedom-legion/laravel/bootstrap/compiled.php(5048): Illuminate\Routing\Router->findRoute(Object(Illuminate\Http\Request))
#2 /Users/Martin/dev/freedom-legion/laravel/bootstrap/compiled.php(5040): Illuminate\Routing\Router->dispatchToRoute(Object(Illuminate\Http\Request))
#3 /Users/Martin/dev/freedom-legion/laravel/bootstrap/compiled.php(715): Illuminate\Routing\Router->dispatch(Object(Illuminate\Http\Request))
#4 /Users/Martin/dev/freedom-legion/laravel/bootstrap/compiled.php(696): Illuminate\Foundation\Application->dispatch(Object(Illuminate\Http\Request))
#5 /Users/Martin/dev/freedom-legion/laravel/bootstrap/compiled.php(7812): Illuminate\Foundation\Application->handle(Object(Illuminate\Http\Request), 1, true)
#6 /Users/Martin/dev/freedom-legion/laravel/bootstrap/compiled.php(8419): Illuminate\Session\Middleware->handle(Object(Illuminate\Http\Request), 1, true)
#7 /Users/Martin/dev/freedom-legion/laravel/bootstrap/compiled.php(8366): Illuminate\Cookie\Queue->handle(Object(Illuminate\Http\Request), 1, true)
#8 /Users/Martin/dev/freedom-legion/laravel/bootstrap/compiled.php(11029): Illuminate\Cookie\Guard->handle(Object(Illuminate\Http\Request), 1, true)
#9 /Users/Martin/dev/freedom-legion/laravel/bootstrap/compiled.php(657): Stack\StackedHttpKernel->handle(Object(Illuminate\Http\Request))
#10 /Users/Martin/dev/freedom-legion/laravel/public/index.php(49): Illuminate\Foundation\Application->run()
#11 {main} [] []
[2015-01-17 18:58:31] production.ERROR: exception 'Symfony\Component\HttpKernel\Exception\NotFoundHttpException' in /Users/Martin/dev/freedom-legion/laravel/bootstrap/compiled.php:5738
Stack trace:
#0 /Users/Martin/dev/freedom-legion/laravel/bootstrap/compiled.php(5060): Illuminate\Routing\RouteCollection->match(Object(Illuminate\Http\Request))
#1 /Users/Martin/dev/freedom-legion/laravel/bootstrap/compiled.php(5048): Illuminate\Routing\Router->findRoute(Object(Illuminate\Http\Request))
#2 /Users/Martin/dev/freedom-legion/laravel/bootstrap/compiled.php(5040): Illuminate\Routing\Router->dispatchToRoute(Object(Illuminate\Http\Request))
#3 /Users/Martin/dev/freedom-legion/laravel/bootstrap/compiled.php(715): Illuminate\Routing\Router->dispatch(Object(Illuminate\Http\Request))
#4 /Users/Martin/dev/freedom-legion/laravel/bootstrap/compiled.php(696): Illuminate\Foundation\Application->dispatch(Object(Illuminate\Http\Request))
#5 /Users/Martin/dev/freedom-legion/laravel/bootstrap/compiled.php(7812): Illuminate\Foundation\Application->handle(Object(Illuminate\Http\Request), 1, true)
#6 /Users/Martin/dev/freedom-legion/laravel/bootstrap/compiled.php(8419): Illuminate\Session\Middleware->handle(Object(Illuminate\Http\Request), 1, true)
#7 /Users/Martin/dev/freedom-legion/laravel/bootstrap/compiled.php(8366): Illuminate\Cookie\Queue->handle(Object(Illuminate\Http\Request), 1, true)
#8 /Users/Martin/dev/freedom-legion/laravel/bootstrap/compiled.php(11029): Illuminate\Cookie\Guard->handle(Object(Illuminate\Http\Request), 1, true)
#9 /Users/Martin/dev/freedom-legion/laravel/bootstrap/compiled.php(657): Stack\StackedHttpKernel->handle(Object(Illuminate\Http\Request))
#10 /Users/Martin/dev/freedom-legion/laravel/public/index.php(49): Illuminate\Foundation\Application->run()
#11 {main} [] []
[2015-01-17 18:59:26] production.ERROR: exception 'Symfony\Component\HttpKernel\Exception\NotFoundHttpException' in /Users/Martin/dev/freedom-legion/laravel/bootstrap/compiled.php:5738
Stack trace:
#0 /Users/Martin/dev/freedom-legion/laravel/bootstrap/compiled.php(5060): Illuminate\Routing\RouteCollection->match(Object(Illuminate\Http\Request))
#1 /Users/Martin/dev/freedom-legion/laravel/bootstrap/compiled.php(5048): Illuminate\Routing\Router->findRoute(Object(Illuminate\Http\Request))
#2 /Users/Martin/dev/freedom-legion/laravel/bootstrap/compiled.php(5040): Illuminate\Routing\Router->dispatchToRoute(Object(Illuminate\Http\Request))
#3 /Users/Martin/dev/freedom-legion/laravel/bootstrap/compiled.php(715): Illuminate\Routing\Router->dispatch(Object(Illuminate\Http\Request))
#4 /Users/Martin/dev/freedom-legion/laravel/bootstrap/compiled.php(696): Illuminate\Foundation\Application->dispatch(Object(Illuminate\Http\Request))
#5 /Users/Martin/dev/freedom-legion/laravel/bootstrap/compiled.php(7812): Illuminate\Foundation\Application->handle(Object(Illuminate\Http\Request), 1, true)
#6 /Users/Martin/dev/freedom-legion/laravel/bootstrap/compiled.php(8419): Illuminate\Session\Middleware->handle(Object(Illuminate\Http\Request), 1, true)
#7 /Users/Martin/dev/freedom-legion/laravel/bootstrap/compiled.php(8366): Illuminate\Cookie\Queue->handle(Object(Illuminate\Http\Request), 1, true)
#8 /Users/Martin/dev/freedom-legion/laravel/bootstrap/compiled.php(11029): Illuminate\Cookie\Guard->handle(Object(Illuminate\Http\Request), 1, true)
#9 /Users/Martin/dev/freedom-legion/laravel/bootstrap/compiled.php(657): Stack\StackedHttpKernel->handle(Object(Illuminate\Http\Request))
#10 /Users/Martin/dev/freedom-legion/laravel/public/index.php(49): Illuminate\Foundation\Application->run()
#11 {main} [] []
[2015-01-17 19:00:17] production.ERROR: exception 'Symfony\Component\HttpKernel\Exception\NotFoundHttpException' in /Users/Martin/dev/freedom-legion/laravel/bootstrap/compiled.php:5738
Stack trace:
#0 /Users/Martin/dev/freedom-legion/laravel/bootstrap/compiled.php(5060): Illuminate\Routing\RouteCollection->match(Object(Illuminate\Http\Request))
#1 /Users/Martin/dev/freedom-legion/laravel/bootstrap/compiled.php(5048): Illuminate\Routing\Router->findRoute(Object(Illuminate\Http\Request))
#2 /Users/Martin/dev/freedom-legion/laravel/bootstrap/compiled.php(5040): Illuminate\Routing\Router->dispatchToRoute(Object(Illuminate\Http\Request))
#3 /Users/Martin/dev/freedom-legion/laravel/bootstrap/compiled.php(715): Illuminate\Routing\Router->dispatch(Object(Illuminate\Http\Request))
#4 /Users/Martin/dev/freedom-legion/laravel/bootstrap/compiled.php(696): Illuminate\Foundation\Application->dispatch(Object(Illuminate\Http\Request))
#5 /Users/Martin/dev/freedom-legion/laravel/bootstrap/compiled.php(7812): Illuminate\Foundation\Application->handle(Object(Illuminate\Http\Request), 1, true)
#6 /Users/Martin/dev/freedom-legion/laravel/bootstrap/compiled.php(8419): Illuminate\Session\Middleware->handle(Object(Illuminate\Http\Request), 1, true)
#7 /Users/Martin/dev/freedom-legion/laravel/bootstrap/compiled.php(8366): Illuminate\Cookie\Queue->handle(Object(Illuminate\Http\Request), 1, true)
#8 /Users/Martin/dev/freedom-legion/laravel/bootstrap/compiled.php(11029): Illuminate\Cookie\Guard->handle(Object(Illuminate\Http\Request), 1, true)
#9 /Users/Martin/dev/freedom-legion/laravel/bootstrap/compiled.php(657): Stack\StackedHttpKernel->handle(Object(Illuminate\Http\Request))
#10 /Users/Martin/dev/freedom-legion/laravel/public/index.php(49): Illuminate\Foundation\Application->run()
#11 {main} [] []
[2015-01-17 19:01:20] production.ERROR: exception 'Symfony\Component\HttpKernel\Exception\NotFoundHttpException' in /Users/Martin/dev/freedom-legion/laravel/bootstrap/compiled.php:5738
Stack trace:
#0 /Users/Martin/dev/freedom-legion/laravel/bootstrap/compiled.php(5060): Illuminate\Routing\RouteCollection->match(Object(Illuminate\Http\Request))
#1 /Users/Martin/dev/freedom-legion/laravel/bootstrap/compiled.php(5048): Illuminate\Routing\Router->findRoute(Object(Illuminate\Http\Request))
#2 /Users/Martin/dev/freedom-legion/laravel/bootstrap/compiled.php(5040): Illuminate\Routing\Router->dispatchToRoute(Object(Illuminate\Http\Request))
#3 /Users/Martin/dev/freedom-legion/laravel/bootstrap/compiled.php(715): Illuminate\Routing\Router->dispatch(Object(Illuminate\Http\Request))
#4 /Users/Martin/dev/freedom-legion/laravel/bootstrap/compiled.php(696): Illuminate\Foundation\Application->dispatch(Object(Illuminate\Http\Request))
#5 /Users/Martin/dev/freedom-legion/laravel/bootstrap/compiled.php(7812): Illuminate\Foundation\Application->handle(Object(Illuminate\Http\Request), 1, true)
#6 /Users/Martin/dev/freedom-legion/laravel/bootstrap/compiled.php(8419): Illuminate\Session\Middleware->handle(Object(Illuminate\Http\Request), 1, true)
#7 /Users/Martin/dev/freedom-legion/laravel/bootstrap/compiled.php(8366): Illuminate\Cookie\Queue->handle(Object(Illuminate\Http\Request), 1, true)
#8 /Users/Martin/dev/freedom-legion/laravel/bootstrap/compiled.php(11029): Illuminate\Cookie\Guard->handle(Object(Illuminate\Http\Request), 1, true)
#9 /Users/Martin/dev/freedom-legion/laravel/bootstrap/compiled.php(657): Stack\StackedHttpKernel->handle(Object(Illuminate\Http\Request))
#10 /Users/Martin/dev/freedom-legion/laravel/public/index.php(49): Illuminate\Foundation\Application->run()
#11 {main} [] []
[2015-01-17 19:01:23] production.ERROR: exception 'Symfony\Component\HttpKernel\Exception\NotFoundHttpException' in /Users/Martin/dev/freedom-legion/laravel/bootstrap/compiled.php:5738
Stack trace:
#0 /Users/Martin/dev/freedom-legion/laravel/bootstrap/compiled.php(5060): Illuminate\Routing\RouteCollection->match(Object(Illuminate\Http\Request))
#1 /Users/Martin/dev/freedom-legion/laravel/bootstrap/compiled.php(5048): Illuminate\Routing\Router->findRoute(Object(Illuminate\Http\Request))
#2 /Users/Martin/dev/freedom-legion/laravel/bootstrap/compiled.php(5040): Illuminate\Routing\Router->dispatchToRoute(Object(Illuminate\Http\Request))
#3 /Users/Martin/dev/freedom-legion/laravel/bootstrap/compiled.php(715): Illuminate\Routing\Router->dispatch(Object(Illuminate\Http\Request))
#4 /Users/Martin/dev/freedom-legion/laravel/bootstrap/compiled.php(696): Illuminate\Foundation\Application->dispatch(Object(Illuminate\Http\Request))
#5 /Users/Martin/dev/freedom-legion/laravel/bootstrap/compiled.php(7812): Illuminate\Foundation\Application->handle(Object(Illuminate\Http\Request), 1, true)
#6 /Users/Martin/dev/freedom-legion/laravel/bootstrap/compiled.php(8419): Illuminate\Session\Middleware->handle(Object(Illuminate\Http\Request), 1, true)
#7 /Users/Martin/dev/freedom-legion/laravel/bootstrap/compiled.php(8366): Illuminate\Cookie\Queue->handle(Object(Illuminate\Http\Request), 1, true)
#8 /Users/Martin/dev/freedom-legion/laravel/bootstrap/compiled.php(11029): Illuminate\Cookie\Guard->handle(Object(Illuminate\Http\Request), 1, true)
#9 /Users/Martin/dev/freedom-legion/laravel/bootstrap/compiled.php(657): Stack\StackedHttpKernel->handle(Object(Illuminate\Http\Request))
#10 /Users/Martin/dev/freedom-legion/laravel/public/index.php(49): Illuminate\Foundation\Application->run()
#11 {main} [] []
[2015-01-17 19:01:24] production.ERROR: exception 'Symfony\Component\HttpKernel\Exception\NotFoundHttpException' in /Users/Martin/dev/freedom-legion/laravel/bootstrap/compiled.php:5738
Stack trace:
#0 /Users/Martin/dev/freedom-legion/laravel/bootstrap/compiled.php(5060): Illuminate\Routing\RouteCollection->match(Object(Illuminate\Http\Request))
#1 /Users/Martin/dev/freedom-legion/laravel/bootstrap/compiled.php(5048): Illuminate\Routing\Router->findRoute(Object(Illuminate\Http\Request))
#2 /Users/Martin/dev/freedom-legion/laravel/bootstrap/compiled.php(5040): Illuminate\Routing\Router->dispatchToRoute(Object(Illuminate\Http\Request))
#3 /Users/Martin/dev/freedom-legion/laravel/bootstrap/compiled.php(715): Illuminate\Routing\Router->dispatch(Object(Illuminate\Http\Request))
#4 /Users/Martin/dev/freedom-legion/laravel/bootstrap/compiled.php(696): Illuminate\Foundation\Application->dispatch(Object(Illuminate\Http\Request))
#5 /Users/Martin/dev/freedom-legion/laravel/bootstrap/compiled.php(7812): Illuminate\Foundation\Application->handle(Object(Illuminate\Http\Request), 1, true)
#6 /Users/Martin/dev/freedom-legion/laravel/bootstrap/compiled.php(8419): Illuminate\Session\Middleware->handle(Object(Illuminate\Http\Request), 1, true)
#7 /Users/Martin/dev/freedom-legion/laravel/bootstrap/compiled.php(8366): Illuminate\Cookie\Queue->handle(Object(Illuminate\Http\Request), 1, true)
#8 /Users/Martin/dev/freedom-legion/laravel/bootstrap/compiled.php(11029): Illuminate\Cookie\Guard->handle(Object(Illuminate\Http\Request), 1, true)
#9 /Users/Martin/dev/freedom-legion/laravel/bootstrap/compiled.php(657): Stack\StackedHttpKernel->handle(Object(Illuminate\Http\Request))
#10 /Users/Martin/dev/freedom-legion/laravel/public/index.php(49): Illuminate\Foundation\Application->run()
#11 {main} [] []
[2015-01-17 19:02:14] production.ERROR: exception 'Symfony\Component\HttpKernel\Exception\NotFoundHttpException' in /Users/Martin/dev/freedom-legion/laravel/bootstrap/compiled.php:5738
Stack trace:
#0 /Users/Martin/dev/freedom-legion/laravel/bootstrap/compiled.php(5060): Illuminate\Routing\RouteCollection->match(Object(Illuminate\Http\Request))
#1 /Users/Martin/dev/freedom-legion/laravel/bootstrap/compiled.php(5048): Illuminate\Routing\Router->findRoute(Object(Illuminate\Http\Request))
#2 /Users/Martin/dev/freedom-legion/laravel/bootstrap/compiled.php(5040): Illuminate\Routing\Router->dispatchToRoute(Object(Illuminate\Http\Request))
#3 /Users/Martin/dev/freedom-legion/laravel/bootstrap/compiled.php(715): Illuminate\Routing\Router->dispatch(Object(Illuminate\Http\Request))
#4 /Users/Martin/dev/freedom-legion/laravel/bootstrap/compiled.php(696): Illuminate\Foundation\Application->dispatch(Object(Illuminate\Http\Request))
#5 /Users/Martin/dev/freedom-legion/laravel/bootstrap/compiled.php(7812): Illuminate\Foundation\Application->handle(Object(Illuminate\Http\Request), 1, true)
#6 /Users/Martin/dev/freedom-legion/laravel/bootstrap/compiled.php(8419): Illuminate\Session\Middleware->handle(Object(Illuminate\Http\Request), 1, true)
#7 /Users/Martin/dev/freedom-legion/laravel/bootstrap/compiled.php(8366): Illuminate\Cookie\Queue->handle(Object(Illuminate\Http\Request), 1, true)
#8 /Users/Martin/dev/freedom-legion/laravel/bootstrap/compiled.php(11029): Illuminate\Cookie\Guard->handle(Object(Illuminate\Http\Request), 1, true)
#9 /Users/Martin/dev/freedom-legion/laravel/bootstrap/compiled.php(657): Stack\StackedHttpKernel->handle(Object(Illuminate\Http\Request))
#10 /Users/Martin/dev/freedom-legion/laravel/public/index.php(49): Illuminate\Foundation\Application->run()
#11 {main} [] []
[2015-01-17 19:02:53] production.ERROR: exception 'ErrorException' with message 'Undefined variable: pseudo' in /Users/Martin/dev/freedom-legion/laravel/app/routes.php:20
Stack trace:
#0 /Users/Martin/dev/freedom-legion/laravel/app/routes.php(20): Illuminate\Exception\Handler->handleError(8, 'Undefined varia...', '/Users/Martin/d...', 20, Array)
#1 [internal function]: {closure}('pse')
#2 /Users/Martin/dev/freedom-legion/laravel/bootstrap/compiled.php(5385): call_user_func_array(Object(Closure), Array)
#3 /Users/Martin/dev/freedom-legion/laravel/bootstrap/compiled.php(5052): Illuminate\Routing\Route->run(Object(Illuminate\Http\Request))
#4 /Users/Martin/dev/freedom-legion/laravel/bootstrap/compiled.php(5040): Illuminate\Routing\Router->dispatchToRoute(Object(Illuminate\Http\Request))
#5 /Users/Martin/dev/freedom-legion/laravel/bootstrap/compiled.php(715): Illuminate\Routing\Router->dispatch(Object(Illuminate\Http\Request))
#6 /Users/Martin/dev/freedom-legion/laravel/bootstrap/compiled.php(696): Illuminate\Foundation\Application->dispatch(Object(Illuminate\Http\Request))
#7 /Users/Martin/dev/freedom-legion/laravel/bootstrap/compiled.php(7812): Illuminate\Foundation\Application->handle(Object(Illuminate\Http\Request), 1, true)
#8 /Users/Martin/dev/freedom-legion/laravel/bootstrap/compiled.php(8419): Illuminate\Session\Middleware->handle(Object(Illuminate\Http\Request), 1, true)
#9 /Users/Martin/dev/freedom-legion/laravel/bootstrap/compiled.php(8366): Illuminate\Cookie\Queue->handle(Object(Illuminate\Http\Request), 1, true)
#10 /Users/Martin/dev/freedom-legion/laravel/bootstrap/compiled.php(11029): Illuminate\Cookie\Guard->handle(Object(Illuminate\Http\Request), 1, true)
#11 /Users/Martin/dev/freedom-legion/laravel/bootstrap/compiled.php(657): Stack\StackedHttpKernel->handle(Object(Illuminate\Http\Request))
#12 /Users/Martin/dev/freedom-legion/laravel/public/index.php(49): Illuminate\Foundation\Application->run()
#13 {main} [] []
[2015-01-17 19:02:56] production.ERROR: exception 'ErrorException' with message 'Undefined variable: pseudo' in /Users/Martin/dev/freedom-legion/laravel/app/routes.php:20
Stack trace:
#0 /Users/Martin/dev/freedom-legion/laravel/app/routes.php(20): Illuminate\Exception\Handler->handleError(8, 'Undefined varia...', '/Users/Martin/d...', 20, Array)
#1 [internal function]: {closure}('pse')
#2 /Users/Martin/dev/freedom-legion/laravel/bootstrap/compiled.php(5385): call_user_func_array(Object(Closure), Array)
#3 /Users/Martin/dev/freedom-legion/laravel/bootstrap/compiled.php(5052): Illuminate\Routing\Route->run(Object(Illuminate\Http\Request))
#4 /Users/Martin/dev/freedom-legion/laravel/bootstrap/compiled.php(5040): Illuminate\Routing\Router->dispatchToRoute(Object(Illuminate\Http\Request))
#5 /Users/Martin/dev/freedom-legion/laravel/bootstrap/compiled.php(715): Illuminate\Routing\Router->dispatch(Object(Illuminate\Http\Request))
#6 /Users/Martin/dev/freedom-legion/laravel/bootstrap/compiled.php(696): Illuminate\Foundation\Application->dispatch(Object(Illuminate\Http\Request))
#7 /Users/Martin/dev/freedom-legion/laravel/bootstrap/compiled.php(7812): Illuminate\Foundation\Application->handle(Object(Illuminate\Http\Request), 1, true)
#8 /Users/Martin/dev/freedom-legion/laravel/bootstrap/compiled.php(8419): Illuminate\Session\Middleware->handle(Object(Illuminate\Http\Request), 1, true)
#9 /Users/Martin/dev/freedom-legion/laravel/bootstrap/compiled.php(8366): Illuminate\Cookie\Queue->handle(Object(Illuminate\Http\Request), 1, true)
#10 /Users/Martin/dev/freedom-legion/laravel/bootstrap/compiled.php(11029): Illuminate\Cookie\Guard->handle(Object(Illuminate\Http\Request), 1, true)
#11 /Users/Martin/dev/freedom-legion/laravel/bootstrap/compiled.php(657): Stack\StackedHttpKernel->handle(Object(Illuminate\Http\Request))
#12 /Users/Martin/dev/freedom-legion/laravel/public/index.php(49): Illuminate\Foundation\Application->run()
#13 {main} [] []
[2015-01-17 19:13:23] production.ERROR: exception 'Symfony\Component\HttpKernel\Exception\NotFoundHttpException' in /Users/Martin/dev/freedom-legion/laravel/bootstrap/compiled.php:5738
Stack trace:
#0 /Users/Martin/dev/freedom-legion/laravel/bootstrap/compiled.php(5060): Illuminate\Routing\RouteCollection->match(Object(Illuminate\Http\Request))
#1 /Users/Martin/dev/freedom-legion/laravel/bootstrap/compiled.php(5048): Illuminate\Routing\Router->findRoute(Object(Illuminate\Http\Request))
#2 /Users/Martin/dev/freedom-legion/laravel/bootstrap/compiled.php(5040): Illuminate\Routing\Router->dispatchToRoute(Object(Illuminate\Http\Request))
#3 /Users/Martin/dev/freedom-legion/laravel/bootstrap/compiled.php(715): Illuminate\Routing\Router->dispatch(Object(Illuminate\Http\Request))
#4 /Users/Martin/dev/freedom-legion/laravel/bootstrap/compiled.php(696): Illuminate\Foundation\Application->dispatch(Object(Illuminate\Http\Request))
#5 /Users/Martin/dev/freedom-legion/laravel/bootstrap/compiled.php(7812): Illuminate\Foundation\Application->handle(Object(Illuminate\Http\Request), 1, true)
#6 /Users/Martin/dev/freedom-legion/laravel/bootstrap/compiled.php(8419): Illuminate\Session\Middleware->handle(Object(Illuminate\Http\Request), 1, true)
#7 /Users/Martin/dev/freedom-legion/laravel/bootstrap/compiled.php(8366): Illuminate\Cookie\Queue->handle(Object(Illuminate\Http\Request), 1, true)
#8 /Users/Martin/dev/freedom-legion/laravel/bootstrap/compiled.php(11029): Illuminate\Cookie\Guard->handle(Object(Illuminate\Http\Request), 1, true)
#9 /Users/Martin/dev/freedom-legion/laravel/bootstrap/compiled.php(657): Stack\StackedHttpKernel->handle(Object(Illuminate\Http\Request))
#10 /Users/Martin/dev/freedom-legion/laravel/public/index.php(49): Illuminate\Foundation\Application->run()
#11 {main} [] []
[2015-01-17 19:13:27] production.ERROR: exception 'Symfony\Component\HttpKernel\Exception\NotFoundHttpException' in /Users/Martin/dev/freedom-legion/laravel/bootstrap/compiled.php:5738
Stack trace:
#0 /Users/Martin/dev/freedom-legion/laravel/bootstrap/compiled.php(5060): Illuminate\Routing\RouteCollection->match(Object(Illuminate\Http\Request))
#1 /Users/Martin/dev/freedom-legion/laravel/bootstrap/compiled.php(5048): Illuminate\Routing\Router->findRoute(Object(Illuminate\Http\Request))
#2 /Users/Martin/dev/freedom-legion/laravel/bootstrap/compiled.php(5040): Illuminate\Routing\Router->dispatchToRoute(Object(Illuminate\Http\Request))
#3 /Users/Martin/dev/freedom-legion/laravel/bootstrap/compiled.php(715): Illuminate\Routing\Router->dispatch(Object(Illuminate\Http\Request))
#4 /Users/Martin/dev/freedom-legion/laravel/bootstrap/compiled.php(696): Illuminate\Foundation\Application->dispatch(Object(Illuminate\Http\Request))
#5 /Users/Martin/dev/freedom-legion/laravel/bootstrap/compiled.php(7812): Illuminate\Foundation\Application->handle(Object(Illuminate\Http\Request), 1, true)
#6 /Users/Martin/dev/freedom-legion/laravel/bootstrap/compiled.php(8419): Illuminate\Session\Middleware->handle(Object(Illuminate\Http\Request), 1, true)
#7 /Users/Martin/dev/freedom-legion/laravel/bootstrap/compiled.php(8366): Illuminate\Cookie\Queue->handle(Object(Illuminate\Http\Request), 1, true)
#8 /Users/Martin/dev/freedom-legion/laravel/bootstrap/compiled.php(11029): Illuminate\Cookie\Guard->handle(Object(Illuminate\Http\Request), 1, true)
#9 /Users/Martin/dev/freedom-legion/laravel/bootstrap/compiled.php(657): Stack\StackedHttpKernel->handle(Object(Illuminate\Http\Request))
#10 /Users/Martin/dev/freedom-legion/laravel/public/index.php(49): Illuminate\Foundation\Application->run()
#11 {main} [] []
